<?xml version="1.0" encoding="UTF-8"?>
<!-- Generated by org.testng.reporters.JUnitReportReporter -->
<testsuite hostname="LAPTOP-GVKTJPPS" failures="0" tests="1" name="com.cucumber.testrunner.RunCucumberTest" time="0.888" errors="1" timestamp="2024-05-23T11:15:25 IST" skipped="0">
  <testcase classname="com.cucumber.testrunner.RunCucumberTest" name="runScenario" time="0.888">
    <error message="TODO: implement me" type="io.cucumber.java.PendingException">
      <![CDATA[io.cucumber.java.PendingException: TODO: implement me
at com.cucumber.stepdefinitions.StepDefinition.user_enters_valid_username_and_password(StepDefinition.java:28)
at âœ½.user enters valid username and password(file:///C:/Users/souha/git/BDD_Cucumber/BDDFramework/src/test/resources/Features/TestCases.feature:7)
]]>
    </error>
  </testcase> <!-- runScenario -->
</testsuite> <!-- com.cucumber.testrunner.RunCucumberTest -->
